{"name": "test_test02", "status": "failed", "statusDetails": {"message": "AssertionError: assert 1 == 2", "trace": "self = <test1_login.TestWEBLogin object at 0x000001C651974F40>\n\n    def test_test02(self):\n        a,b = 1,2\n        print(\"44444444444444444444\")\n>       assert (a == b)\nE       assert 1 == 2\n\nscript_allure\\test1_login.py:42: AssertionError"}, "start": 1671438525303, "stop": 1671438525303, "uuid": "2741450b-fc17-434a-a627-b6a771fc2e26", "historyId": "83acf6fea795aeb3ceeefa564b96bb6d", "testCaseId": "dc4784c82b7d004d1d37324ce29e20fd", "fullName": "script_allure.test1_login.TestWEBLogin#test_test02", "labels": [{"name": "parentSuite", "value": "script_allure"}, {"name": "suite", "value": "test1_login"}, {"name": "subSuite", "value": "TestWEBLogin"}, {"name": "host", "value": "DESKTOP-TSJQ5MP"}, {"name": "thread", "value": "14108-MainThread"}, {"name": "framework", "value": "pytest"}, {"name": "language", "value": "cpython3"}, {"name": "package", "value": "script_allure.test1_login"}]}